{"timestamp":"2026-02-06T12:02:29.927720Z","level":"info","event":"DAG bundles loaded: dags-folder, example_dags","logger":"airflow.dag_processing.bundles.manager.DagBundlesManager","filename":"manager.py","lineno":179}
{"timestamp":"2026-02-06T12:02:29.941608Z","level":"info","event":"Filling up the DagBag from /opt/airflow/dags/my_dag.py","logger":"airflow.models.dagbag.BundleDagBag","filename":"dagbag.py","lineno":593}
{"timestamp":"2026-02-06T12:02:30.252943Z","level":"info","event":"Task instance is in running state","logger":"task.stdout"}
{"timestamp":"2026-02-06T12:02:30.253705Z","level":"info","event":" Previous state of the Task instance: TaskInstanceState.QUEUED","logger":"task.stdout"}
{"timestamp":"2026-02-06T12:02:30.253994Z","level":"info","event":"Current task name:training_model_B","logger":"task.stdout"}
{"timestamp":"2026-02-06T12:02:30.254216Z","level":"info","event":"Dag name:my_dag","logger":"task.stdout"}
{"timestamp":"2026-02-06T12:02:30.265403Z","level":"info","event":"Training model B...","logger":"task.stdout"}
{"timestamp":"2026-02-06T12:02:30.266144Z","level":"info","event":"Done. Returned value was: None","logger":"airflow.task.operators.airflow.providers.standard.operators.python.PythonOperator","filename":"python.py","lineno":230}
{"timestamp":"2026-02-06T12:02:30.334616Z","level":"info","event":"Task instance in success state","logger":"task.stdout"}
{"timestamp":"2026-02-06T12:02:30.341880Z","level":"info","event":" Previous state of the Task instance: TaskInstanceState.RUNNING","logger":"task.stdout"}
{"timestamp":"2026-02-06T12:02:30.345804Z","level":"info","event":"Task operator:<Task(PythonOperator): training_model_B>","logger":"task.stdout"}
{"timestamp":"2026-02-06T14:06:16.124795Z","level":"info","event":"DAG bundles loaded: dags-folder, example_dags","logger":"airflow.dag_processing.bundles.manager.DagBundlesManager","filename":"manager.py","lineno":179}
{"timestamp":"2026-02-06T14:06:16.137131Z","level":"info","event":"Filling up the DagBag from /opt/airflow/dags/my_dag.py","logger":"airflow.models.dagbag.BundleDagBag","filename":"dagbag.py","lineno":593}
{"timestamp":"2026-02-06T14:06:16.915690Z","level":"info","event":"Task instance is in running state","logger":"task.stdout"}
{"timestamp":"2026-02-06T14:06:16.921412Z","level":"info","event":" Previous state of the Task instance: TaskInstanceState.QUEUED","logger":"task.stdout"}
{"timestamp":"2026-02-06T14:06:16.922025Z","level":"info","event":"Current task name:training_model_B","logger":"task.stdout"}
{"timestamp":"2026-02-06T14:06:16.925350Z","level":"info","event":"Dag name:my_dag","logger":"task.stdout"}
{"timestamp":"2026-02-06T14:06:16.962158Z","level":"info","event":"Done. Returned value was: 10","logger":"airflow.task.operators.airflow.providers.standard.operators.python.PythonOperator","filename":"python.py","lineno":230}
{"timestamp":"2026-02-06T14:06:16.964395Z","level":"info","event":"Pushing xcom","ti":"RuntimeTaskInstance(id=UUID('019c3346-3f54-7420-91f1-8d74d516ddf5'), task_id='training_model_B', dag_id='my_dag', run_id='scheduled__2026-02-06T00:00:00+00:00', try_number=1, dag_version_id=UUID('019c3344-f3f0-789e-81be-89b0c0649eba'), map_index=-1, hostname='cd692682eb9e', context_carrier={}, task=<Task(PythonOperator): training_model_B>, bundle_instance=LocalDagBundle(name=dags-folder), max_tries=0, start_date=datetime.datetime(2026, 2, 6, 14, 6, 9, 560190, tzinfo=datetime.timezone.utc), end_date=None, state=<TaskInstanceState.RUNNING: 'running'>, is_mapped=False, rendered_map_index=None)","logger":"task","filename":"task_runner.py","lineno":1522}
{"timestamp":"2026-02-06T14:06:17.412484Z","level":"info","event":"Task instance in success state","logger":"task.stdout"}
{"timestamp":"2026-02-06T14:06:17.413294Z","level":"info","event":" Previous state of the Task instance: TaskInstanceState.RUNNING","logger":"task.stdout"}
{"timestamp":"2026-02-06T14:06:17.418354Z","level":"info","event":"Task operator:<Task(PythonOperator): training_model_B>","logger":"task.stdout"}
