{"timestamp":"2026-02-06T12:02:31.729940Z","level":"info","event":"DAG bundles loaded: dags-folder, example_dags","logger":"airflow.dag_processing.bundles.manager.DagBundlesManager","filename":"manager.py","lineno":179}
{"timestamp":"2026-02-06T12:02:31.731557Z","level":"info","event":"Filling up the DagBag from /opt/airflow/dags/my_dag.py","logger":"airflow.models.dagbag.BundleDagBag","filename":"dagbag.py","lineno":593}
{"timestamp":"2026-02-06T12:02:31.768523Z","level":"info","event":"Task instance is in running state","logger":"task.stdout"}
{"timestamp":"2026-02-06T12:02:31.769263Z","level":"info","event":" Previous state of the Task instance: TaskInstanceState.QUEUED","logger":"task.stdout"}
{"timestamp":"2026-02-06T12:02:31.770025Z","level":"info","event":"Current task name:choose_best_model","logger":"task.stdout"}
{"timestamp":"2026-02-06T12:02:31.770387Z","level":"info","event":"Dag name:my_dag","logger":"task.stdout"}
{"timestamp":"2026-02-06T12:02:31.815268Z","level":"error","event":"Task failed with exception","logger":"task","filename":"task_runner.py","lineno":1142,"error_detail":[{"exc_type":"TypeError","exc_value":"'>' not supported between instances of 'NoneType' and 'NoneType'","exc_notes":[],"syntax_error":null,"is_cause":false,"frames":[{"filename":"/home/airflow/.local/lib/python3.12/site-packages/airflow/sdk/execution_time/task_runner.py","lineno":1068,"name":"run"},{"filename":"/home/airflow/.local/lib/python3.12/site-packages/airflow/sdk/execution_time/task_runner.py","lineno":1477,"name":"_execute_task"},{"filename":"/home/airflow/.local/lib/python3.12/site-packages/airflow/sdk/bases/operator.py","lineno":417,"name":"wrapper"},{"filename":"/home/airflow/.local/lib/python3.12/site-packages/airflow/providers/standard/operators/branch.py","lineno":108,"name":"execute"},{"filename":"/home/airflow/.local/lib/python3.12/site-packages/airflow/providers/standard/operators/python.py","lineno":310,"name":"choose_branch"},{"filename":"/home/airflow/.local/lib/python3.12/site-packages/airflow/sdk/bases/operator.py","lineno":417,"name":"wrapper"},{"filename":"/home/airflow/.local/lib/python3.12/site-packages/airflow/providers/standard/operators/python.py","lineno":228,"name":"execute"},{"filename":"/home/airflow/.local/lib/python3.12/site-packages/airflow/providers/standard/operators/python.py","lineno":251,"name":"execute_callable"},{"filename":"/home/airflow/.local/lib/python3.12/site-packages/airflow/sdk/execution_time/callback_runner.py","lineno":82,"name":"run"},{"filename":"/opt/airflow/dags/my_dag.py","lineno":10,"name":"_choose_best_model"}],"is_group":false,"exceptions":[]}]}
{"timestamp":"2026-02-06T12:02:31.822476Z","level":"info","event":"Task instance in failure state","logger":"task.stdout"}
{"timestamp":"2026-02-06T12:02:31.822868Z","level":"info","event":"Task start","logger":"task.stdout"}
{"timestamp":"2026-02-06T12:02:31.828898Z","level":"info","event":"Task:<Task(BranchPythonOperator): choose_best_model>","logger":"task.stdout"}
{"timestamp":"2026-02-06T12:02:31.832978Z","level":"info","event":"Failure caused by '>' not supported between instances of 'NoneType' and 'NoneType'","logger":"task.stdout"}
{"timestamp":"2026-02-06T14:06:19.513280Z","level":"info","event":"DAG bundles loaded: dags-folder, example_dags","logger":"airflow.dag_processing.bundles.manager.DagBundlesManager","filename":"manager.py","lineno":179}
{"timestamp":"2026-02-06T14:06:19.531579Z","level":"info","event":"Filling up the DagBag from /opt/airflow/dags/my_dag.py","logger":"airflow.models.dagbag.BundleDagBag","filename":"dagbag.py","lineno":593}
{"timestamp":"2026-02-06T14:06:19.657473Z","level":"info","event":"Task instance is in running state","logger":"task.stdout"}
{"timestamp":"2026-02-06T14:06:19.659417Z","level":"info","event":" Previous state of the Task instance: TaskInstanceState.QUEUED","logger":"task.stdout"}
{"timestamp":"2026-02-06T14:06:19.663699Z","level":"info","event":"Current task name:choose_best_model","logger":"task.stdout"}
{"timestamp":"2026-02-06T14:06:19.664512Z","level":"info","event":"Dag name:my_dag","logger":"task.stdout"}
{"timestamp":"2026-02-06T14:06:19.968072Z","level":"info","event":"Done. Returned value was: accurate","logger":"airflow.task.operators.airflow.providers.standard.operators.python.BranchPythonOperator","filename":"python.py","lineno":230}
{"timestamp":"2026-02-06T14:06:19.968497Z","level":"info","event":"Branch into accurate","logger":"airflow.task.operators.airflow.providers.standard.operators.python.BranchPythonOperator","filename":"branch.py","lineno":44}
{"timestamp":"2026-02-06T14:06:19.976928Z","level":"info","event":"Following branch {'accurate'}","logger":"airflow.task.operators.airflow.providers.standard.operators.python.BranchPythonOperator","filename":"skipmixin.py","lineno":146}
{"timestamp":"2026-02-06T14:06:19.985197Z","level":"info","event":"Skipping tasks [('inaccurate', -1)]","logger":"airflow.task.operators.airflow.providers.standard.operators.python.BranchPythonOperator","filename":"skipmixin.py","lineno":185}
{"timestamp":"2026-02-06T14:06:20.048357Z","level":"info","event":"Skipping downstream tasks.","logger":"task","filename":"task_runner.py","lineno":1083}
{"timestamp":"2026-02-06T14:06:20.190638Z","level":"info","event":"Task instance in success state","logger":"task.stdout"}
{"timestamp":"2026-02-06T14:06:20.191985Z","level":"info","event":" Previous state of the Task instance: TaskInstanceState.RUNNING","logger":"task.stdout"}
{"timestamp":"2026-02-06T14:06:20.194489Z","level":"info","event":"Task operator:<Task(BranchPythonOperator): choose_best_model>","logger":"task.stdout"}
